{"D:\\projects\\slackWidget\\slackChatWidget\\src\\App.vue": {"path":"D:\\projects\\slackWidget\\slackChatWidget\\src\\App.vue","statementMap":{"0":{"start":{"line":1,"column":1},"end":{"line":80,"column":4}},"1":{"start":{"line":4,"column":0},"end":{"line":6,"column":3}},"2":{"start":{"line":8,"column":18},"end":{"line":8,"column":56}},"3":{"start":{"line":10,"column":19},"end":{"line":10,"column":54}},"4":{"start":{"line":12,"column":23},"end":{"line":12,"column":62}},"5":{"start":{"line":14,"column":39},"end":{"line":14,"column":93}},"6":{"start":{"line":31,"column":0},"end":{"line":79,"column":2}},"7":{"start":{"line":40,"column":4},"end":{"line":44,"column":6}},"8":{"start":{"line":55,"column":6},"end":{"line":55,"column":29}},"9":{"start":{"line":56,"column":6},"end":{"line":56,"column":30}},"10":{"start":{"line":57,"column":6},"end":{"line":57,"column":30}},"11":{"start":{"line":65,"column":6},"end":{"line":65,"column":29}},"12":{"start":{"line":66,"column":6},"end":{"line":66,"column":29}},"13":{"start":{"line":71,"column":15},"end":{"line":71,"column":19}},"14":{"start":{"line":75,"column":4},"end":{"line":77,"column":72}},"15":{"start":{"line":76,"column":6},"end":{"line":76,"column":24}},"16":{"start":{"line":81,"column":0},"end":{"line":81,"column":70}},"17":{"start":{"line":81,"column":31},"end":{"line":81,"column":70}},"18":{"start":{"line":82,"column":24},"end":{"line":82,"column":100}},"19":{"start":{"line":83,"column":0},"end":{"line":83,"column":472}},"20":{"start":{"line":83,"column":54},"end":{"line":83,"column":58}},"21":{"start":{"line":83,"column":66},"end":{"line":83,"column":84}},"22":{"start":{"line":83,"column":92},"end":{"line":83,"column":108}},"23":{"start":{"line":83,"column":109},"end":{"line":83,"column":471}},"24":{"start":{"line":84,"column":0},"end":{"line":84,"column":37}}},"fnMap":{"0":{"name":"(anonymous_0)","decl":{"start":{"line":1,"column":2},"end":{"line":1,"column":3}},"loc":{"start":{"line":1,"column":12},"end":{"line":80,"column":1}},"line":1},"1":{"name":"_interopRequireDefault","decl":{"start":{"line":14,"column":9},"end":{"line":14,"column":31}},"loc":{"start":{"line":14,"column":37},"end":{"line":14,"column":95}},"line":14},"2":{"name":"data","decl":{"start":{"line":39,"column":17},"end":{"line":39,"column":21}},"loc":{"start":{"line":39,"column":24},"end":{"line":45,"column":3}},"line":39},"3":{"name":"showWidget","decl":{"start":{"line":54,"column":25},"end":{"line":54,"column":35}},"loc":{"start":{"line":54,"column":38},"end":{"line":58,"column":5}},"line":54},"4":{"name":"hideWidget","decl":{"start":{"line":64,"column":25},"end":{"line":64,"column":35}},"loc":{"start":{"line":64,"column":38},"end":{"line":67,"column":5}},"line":64},"5":{"name":"mounted","decl":{"start":{"line":70,"column":20},"end":{"line":70,"column":27}},"loc":{"start":{"line":70,"column":30},"end":{"line":78,"column":3}},"line":70},"6":{"name":"(anonymous_6)","decl":{"start":{"line":75,"column":15},"end":{"line":75,"column":16}},"loc":{"start":{"line":75,"column":27},"end":{"line":77,"column":5}},"line":75},"7":{"name":"render","decl":{"start":{"line":83,"column":35},"end":{"line":83,"column":41}},"loc":{"start":{"line":83,"column":45},"end":{"line":83,"column":472}},"line":83}},"branchMap":{"0":{"loc":{"start":{"line":14,"column":46},"end":{"line":14,"column":92}},"type":"cond-expr","locations":[{"start":{"line":14,"column":70},"end":{"line":14,"column":73}},{"start":{"line":14,"column":76},"end":{"line":14,"column":92}}],"line":14},"1":{"loc":{"start":{"line":14,"column":46},"end":{"line":14,"column":67}},"type":"binary-expr","locations":[{"start":{"line":14,"column":46},"end":{"line":14,"column":49}},{"start":{"line":14,"column":53},"end":{"line":14,"column":67}}],"line":14},"2":{"loc":{"start":{"line":81,"column":0},"end":{"line":81,"column":70}},"type":"if","locations":[{"start":{"line":81,"column":0},"end":{"line":81,"column":70}},{"start":{"line":81,"column":0},"end":{"line":81,"column":70}}],"line":81},"3":{"loc":{"start":{"line":82,"column":24},"end":{"line":82,"column":100}},"type":"cond-expr","locations":[{"start":{"line":82,"column":62},"end":{"line":82,"column":84}},{"start":{"line":82,"column":86},"end":{"line":82,"column":100}}],"line":82},"4":{"loc":{"start":{"line":83,"column":92},"end":{"line":83,"column":108}},"type":"binary-expr","locations":[{"start":{"line":83,"column":92},"end":{"line":83,"column":104}},{"start":{"line":83,"column":106},"end":{"line":83,"column":108}}],"line":83},"5":{"loc":{"start":{"line":83,"column":173},"end":{"line":83,"column":295}},"type":"cond-expr","locations":[{"start":{"line":83,"column":190},"end":{"line":83,"column":286}},{"start":{"line":83,"column":287},"end":{"line":83,"column":295}}],"line":83},"6":{"loc":{"start":{"line":83,"column":359},"end":{"line":83,"column":465}},"type":"cond-expr","locations":[{"start":{"line":83,"column":376},"end":{"line":83,"column":456}},{"start":{"line":83,"column":457},"end":{"line":83,"column":465}}],"line":83}},"s":{"0":0,"1":0,"2":0,"3":0,"4":0,"5":0,"6":0,"7":0,"8":0,"9":0,"10":0,"11":0,"12":0,"13":0,"14":0,"15":0,"16":0,"17":0,"18":0,"19":0,"20":0,"21":0,"22":0,"23":0,"24":0},"f":{"0":0,"1":0,"2":0,"3":0,"4":0,"5":0,"6":0,"7":0},"b":{"0":[0,0],"1":[0,0],"2":[0,0],"3":[0,0],"4":[0,0],"5":[0,0],"6":[0,0]}}
,"D:\\projects\\slackWidget\\slackChatWidget\\src\\components\\chatDialog.vue": {"path":"D:\\projects\\slackWidget\\slackChatWidget\\src\\components\\chatDialog.vue","statementMap":{"0":{"start":{"line":1,"column":1},"end":{"line":228,"column":4}},"1":{"start":{"line":4,"column":0},"end":{"line":6,"column":3}},"2":{"start":{"line":8,"column":13},"end":{"line":8,"column":43}},"3":{"start":{"line":10,"column":21},"end":{"line":10,"column":59}},"4":{"start":{"line":12,"column":22},"end":{"line":12,"column":60}},"5":{"start":{"line":14,"column":23},"end":{"line":14,"column":63}},"6":{"start":{"line":16,"column":39},"end":{"line":16,"column":93}},"7":{"start":{"line":19,"column":0},"end":{"line":207,"column":2}},"8":{"start":{"line":28,"column":4},"end":{"line":36,"column":6}},"9":{"start":{"line":48,"column":20},"end":{"line":48,"column":22}},"10":{"start":{"line":50,"column":6},"end":{"line":50,"column":74}},"11":{"start":{"line":51,"column":6},"end":{"line":51,"column":60}},"12":{"start":{"line":52,"column":6},"end":{"line":52,"column":84}},"13":{"start":{"line":53,"column":6},"end":{"line":53,"column":92}},"14":{"start":{"line":54,"column":6},"end":{"line":54,"column":47}},"15":{"start":{"line":55,"column":6},"end":{"line":55,"column":29}},"16":{"start":{"line":57,"column":6},"end":{"line":57,"column":34}},"17":{"start":{"line":66,"column":6},"end":{"line":66,"column":49}},"18":{"start":{"line":77,"column":6},"end":{"line":81,"column":7}},"19":{"start":{"line":78,"column":8},"end":{"line":80,"column":9}},"20":{"start":{"line":79,"column":10},"end":{"line":79,"column":50}},"21":{"start":{"line":91,"column":6},"end":{"line":119,"column":7}},"22":{"start":{"line":92,"column":8},"end":{"line":92,"column":37}},"23":{"start":{"line":94,"column":19},"end":{"line":94,"column":21}},"24":{"start":{"line":96,"column":8},"end":{"line":100,"column":9}},"25":{"start":{"line":97,"column":10},"end":{"line":97,"column":50}},"26":{"start":{"line":99,"column":10},"end":{"line":99,"column":37}},"27":{"start":{"line":102,"column":19},"end":{"line":102,"column":108}},"28":{"start":{"line":104,"column":19},"end":{"line":104,"column":23}},"29":{"start":{"line":107,"column":8},"end":{"line":118,"column":17}},"30":{"start":{"line":108,"column":10},"end":{"line":117,"column":13}},"31":{"start":{"line":109,"column":12},"end":{"line":114,"column":13}},"32":{"start":{"line":109,"column":40},"end":{"line":114,"column":13}},"33":{"start":{"line":112,"column":14},"end":{"line":112,"column":84}},"34":{"start":{"line":113,"column":14},"end":{"line":113,"column":44}},"35":{"start":{"line":116,"column":12},"end":{"line":116,"column":31}},"36":{"start":{"line":130,"column":6},"end":{"line":134,"column":7}},"37":{"start":{"line":131,"column":8},"end":{"line":133,"column":9}},"38":{"start":{"line":132,"column":10},"end":{"line":132,"column":62}},"39":{"start":{"line":150,"column":20},"end":{"line":150,"column":22}},"40":{"start":{"line":152,"column":6},"end":{"line":175,"column":7}},"41":{"start":{"line":153,"column":8},"end":{"line":153,"column":56}},"42":{"start":{"line":154,"column":8},"end":{"line":154,"column":42}},"43":{"start":{"line":155,"column":8},"end":{"line":155,"column":33}},"44":{"start":{"line":157,"column":23},"end":{"line":157,"column":41}},"45":{"start":{"line":158,"column":8},"end":{"line":166,"column":9}},"46":{"start":{"line":159,"column":10},"end":{"line":159,"column":43}},"47":{"start":{"line":160,"column":10},"end":{"line":160,"column":51}},"48":{"start":{"line":161,"column":10},"end":{"line":161,"column":56}},"49":{"start":{"line":163,"column":10},"end":{"line":163,"column":76}},"50":{"start":{"line":164,"column":10},"end":{"line":164,"column":72}},"51":{"start":{"line":165,"column":10},"end":{"line":165,"column":33}},"52":{"start":{"line":168,"column":8},"end":{"line":174,"column":9}},"53":{"start":{"line":169,"column":10},"end":{"line":169,"column":38}},"54":{"start":{"line":170,"column":10},"end":{"line":170,"column":28}},"55":{"start":{"line":172,"column":10},"end":{"line":172,"column":41}},"56":{"start":{"line":173,"column":10},"end":{"line":173,"column":29}},"57":{"start":{"line":183,"column":17},"end":{"line":183,"column":25}},"58":{"start":{"line":184,"column":6},"end":{"line":186,"column":7}},"59":{"start":{"line":185,"column":8},"end":{"line":185,"column":43}},"60":{"start":{"line":191,"column":4},"end":{"line":191,"column":21}},"61":{"start":{"line":195,"column":15},"end":{"line":195,"column":19}},"62":{"start":{"line":197,"column":4},"end":{"line":199,"column":35}},"63":{"start":{"line":198,"column":6},"end":{"line":198,"column":32}},"64":{"start":{"line":202,"column":4},"end":{"line":205,"column":6}},"65":{"start":{"line":203,"column":20},"end":{"line":203,"column":42}},"66":{"start":{"line":204,"column":6},"end":{"line":204,"column":57}},"67":{"start":{"line":229,"column":0},"end":{"line":229,"column":70}},"68":{"start":{"line":229,"column":31},"end":{"line":229,"column":70}},"69":{"start":{"line":230,"column":24},"end":{"line":230,"column":100}},"70":{"start":{"line":231,"column":0},"end":{"line":231,"column":983}},"71":{"start":{"line":231,"column":54},"end":{"line":231,"column":58}},"72":{"start":{"line":231,"column":66},"end":{"line":231,"column":84}},"73":{"start":{"line":231,"column":92},"end":{"line":231,"column":108}},"74":{"start":{"line":231,"column":109},"end":{"line":231,"column":982}},"75":{"start":{"line":231,"column":388},"end":{"line":231,"column":966}},"76":{"start":{"line":232,"column":0},"end":{"line":232,"column":37}}},"fnMap":{"0":{"name":"(anonymous_0)","decl":{"start":{"line":1,"column":2},"end":{"line":1,"column":3}},"loc":{"start":{"line":1,"column":12},"end":{"line":228,"column":1}},"line":1},"1":{"name":"_interopRequireDefault","decl":{"start":{"line":16,"column":9},"end":{"line":16,"column":31}},"loc":{"start":{"line":16,"column":37},"end":{"line":16,"column":95}},"line":16},"2":{"name":"data","decl":{"start":{"line":27,"column":17},"end":{"line":27,"column":21}},"loc":{"start":{"line":27,"column":24},"end":{"line":37,"column":3}},"line":27},"3":{"name":"sendWelcomeMessage","decl":{"start":{"line":46,"column":33},"end":{"line":46,"column":51}},"loc":{"start":{"line":46,"column":54},"end":{"line":58,"column":5}},"line":46},"4":{"name":"getUsername","decl":{"start":{"line":65,"column":26},"end":{"line":65,"column":37}},"loc":{"start":{"line":65,"column":40},"end":{"line":67,"column":5}},"line":65},"5":{"name":"getUsernameById","decl":{"start":{"line":76,"column":30},"end":{"line":76,"column":45}},"loc":{"start":{"line":76,"column":65},"end":{"line":82,"column":5}},"line":76},"6":{"name":"getHistory","decl":{"start":{"line":89,"column":25},"end":{"line":89,"column":35}},"loc":{"start":{"line":89,"column":43},"end":{"line":120,"column":5}},"line":89},"7":{"name":"(anonymous_7)","decl":{"start":{"line":107,"column":19},"end":{"line":107,"column":20}},"loc":{"start":{"line":107,"column":31},"end":{"line":118,"column":9}},"line":107},"8":{"name":"(anonymous_8)","decl":{"start":{"line":108,"column":47},"end":{"line":108,"column":48}},"loc":{"start":{"line":108,"column":67},"end":{"line":115,"column":11}},"line":108},"9":{"name":"(anonymous_9)","decl":{"start":{"line":115,"column":19},"end":{"line":115,"column":20}},"loc":{"start":{"line":115,"column":36},"end":{"line":117,"column":11}},"line":115},"10":{"name":"getAvatarById","decl":{"start":{"line":129,"column":28},"end":{"line":129,"column":41}},"loc":{"start":{"line":129,"column":61},"end":{"line":135,"column":5}},"line":129},"11":{"name":"getMessage","decl":{"start":{"line":148,"column":25},"end":{"line":148,"column":35}},"loc":{"start":{"line":148,"column":64},"end":{"line":176,"column":5}},"line":148},"12":{"name":"scrollTop","decl":{"start":{"line":182,"column":24},"end":{"line":182,"column":33}},"loc":{"start":{"line":182,"column":36},"end":{"line":187,"column":5}},"line":182},"13":{"name":"updated","decl":{"start":{"line":190,"column":20},"end":{"line":190,"column":27}},"loc":{"start":{"line":190,"column":30},"end":{"line":192,"column":3}},"line":190},"14":{"name":"mounted","decl":{"start":{"line":194,"column":20},"end":{"line":194,"column":27}},"loc":{"start":{"line":194,"column":30},"end":{"line":206,"column":3}},"line":194},"15":{"name":"(anonymous_15)","decl":{"start":{"line":197,"column":15},"end":{"line":197,"column":16}},"loc":{"start":{"line":197,"column":27},"end":{"line":199,"column":5}},"line":197},"16":{"name":"(anonymous_16)","decl":{"start":{"line":202,"column":39},"end":{"line":202,"column":40}},"loc":{"start":{"line":202,"column":56},"end":{"line":205,"column":5}},"line":202},"17":{"name":"render","decl":{"start":{"line":231,"column":35},"end":{"line":231,"column":41}},"loc":{"start":{"line":231,"column":45},"end":{"line":231,"column":983}},"line":231},"18":{"name":"(anonymous_18)","decl":{"start":{"line":231,"column":373},"end":{"line":231,"column":374}},"loc":{"start":{"line":231,"column":387},"end":{"line":231,"column":967}},"line":231}},"branchMap":{"0":{"loc":{"start":{"line":16,"column":46},"end":{"line":16,"column":92}},"type":"cond-expr","locations":[{"start":{"line":16,"column":70},"end":{"line":16,"column":73}},{"start":{"line":16,"column":76},"end":{"line":16,"column":92}}],"line":16},"1":{"loc":{"start":{"line":16,"column":46},"end":{"line":16,"column":67}},"type":"binary-expr","locations":[{"start":{"line":16,"column":46},"end":{"line":16,"column":49}},{"start":{"line":16,"column":53},"end":{"line":16,"column":67}}],"line":16},"2":{"loc":{"start":{"line":78,"column":8},"end":{"line":80,"column":9}},"type":"if","locations":[{"start":{"line":78,"column":8},"end":{"line":80,"column":9}},{"start":{"line":78,"column":8},"end":{"line":80,"column":9}}],"line":78},"3":{"loc":{"start":{"line":91,"column":6},"end":{"line":119,"column":7}},"type":"if","locations":[{"start":{"line":91,"column":6},"end":{"line":119,"column":7}},{"start":{"line":91,"column":6},"end":{"line":119,"column":7}}],"line":91},"4":{"loc":{"start":{"line":91,"column":10},"end":{"line":91,"column":79}},"type":"binary-expr","locations":[{"start":{"line":91,"column":10},"end":{"line":91,"column":33}},{"start":{"line":91,"column":37},"end":{"line":91,"column":53}},{"start":{"line":91,"column":57},"end":{"line":91,"column":79}}],"line":91},"5":{"loc":{"start":{"line":96,"column":8},"end":{"line":100,"column":9}},"type":"if","locations":[{"start":{"line":96,"column":8},"end":{"line":100,"column":9}},{"start":{"line":96,"column":8},"end":{"line":100,"column":9}}],"line":96},"6":{"loc":{"start":{"line":109,"column":12},"end":{"line":114,"column":13}},"type":"if","locations":[{"start":{"line":109,"column":12},"end":{"line":114,"column":13}},{"start":{"line":109,"column":12},"end":{"line":114,"column":13}}],"line":109},"7":{"loc":{"start":{"line":131,"column":8},"end":{"line":133,"column":9}},"type":"if","locations":[{"start":{"line":131,"column":8},"end":{"line":133,"column":9}},{"start":{"line":131,"column":8},"end":{"line":133,"column":9}}],"line":131},"8":{"loc":{"start":{"line":152,"column":6},"end":{"line":175,"column":7}},"type":"if","locations":[{"start":{"line":152,"column":6},"end":{"line":175,"column":7}},{"start":{"line":152,"column":6},"end":{"line":175,"column":7}}],"line":152},"9":{"loc":{"start":{"line":158,"column":8},"end":{"line":166,"column":9}},"type":"if","locations":[{"start":{"line":158,"column":8},"end":{"line":166,"column":9}},{"start":{"line":158,"column":8},"end":{"line":166,"column":9}}],"line":158},"10":{"loc":{"start":{"line":168,"column":8},"end":{"line":174,"column":9}},"type":"if","locations":[{"start":{"line":168,"column":8},"end":{"line":174,"column":9}},{"start":{"line":168,"column":8},"end":{"line":174,"column":9}}],"line":168},"11":{"loc":{"start":{"line":184,"column":6},"end":{"line":186,"column":7}},"type":"if","locations":[{"start":{"line":184,"column":6},"end":{"line":186,"column":7}},{"start":{"line":184,"column":6},"end":{"line":186,"column":7}}],"line":184},"12":{"loc":{"start":{"line":229,"column":0},"end":{"line":229,"column":70}},"type":"if","locations":[{"start":{"line":229,"column":0},"end":{"line":229,"column":70}},{"start":{"line":229,"column":0},"end":{"line":229,"column":70}}],"line":229},"13":{"loc":{"start":{"line":230,"column":24},"end":{"line":230,"column":100}},"type":"cond-expr","locations":[{"start":{"line":230,"column":62},"end":{"line":230,"column":84}},{"start":{"line":230,"column":86},"end":{"line":230,"column":100}}],"line":230},"14":{"loc":{"start":{"line":231,"column":92},"end":{"line":231,"column":108}},"type":"binary-expr","locations":[{"start":{"line":231,"column":92},"end":{"line":231,"column":104}},{"start":{"line":231,"column":106},"end":{"line":231,"column":108}}],"line":231},"15":{"loc":{"start":{"line":231,"column":223},"end":{"line":231,"column":980}},"type":"cond-expr","locations":[{"start":{"line":231,"column":246},"end":{"line":231,"column":971}},{"start":{"line":231,"column":972},"end":{"line":231,"column":980}}],"line":231}},"s":{"0":0,"1":0,"2":0,"3":0,"4":0,"5":0,"6":0,"7":0,"8":0,"9":0,"10":0,"11":0,"12":0,"13":0,"14":0,"15":0,"16":0,"17":0,"18":0,"19":0,"20":0,"21":0,"22":0,"23":0,"24":0,"25":0,"26":0,"27":0,"28":0,"29":0,"30":0,"31":0,"32":0,"33":0,"34":0,"35":0,"36":0,"37":0,"38":0,"39":0,"40":0,"41":0,"42":0,"43":0,"44":0,"45":0,"46":0,"47":0,"48":0,"49":0,"50":0,"51":0,"52":0,"53":0,"54":0,"55":0,"56":0,"57":0,"58":0,"59":0,"60":0,"61":0,"62":0,"63":0,"64":0,"65":0,"66":0,"67":0,"68":0,"69":0,"70":0,"71":0,"72":0,"73":0,"74":0,"75":0,"76":0},"f":{"0":0,"1":0,"2":0,"3":0,"4":0,"5":0,"6":0,"7":0,"8":0,"9":0,"10":0,"11":0,"12":0,"13":0,"14":0,"15":0,"16":0,"17":0,"18":0},"b":{"0":[0,0],"1":[0,0],"2":[0,0],"3":[0,0],"4":[0,0,0],"5":[0,0],"6":[0,0],"7":[0,0],"8":[0,0],"9":[0,0],"10":[0,0],"11":[0,0],"12":[0,0],"13":[0,0],"14":[0,0],"15":[0,0]}}
,"D:\\projects\\slackWidget\\slackChatWidget\\src\\components\\chatHeader.vue": {"path":"D:\\projects\\slackWidget\\slackChatWidget\\src\\components\\chatHeader.vue","statementMap":{"0":{"start":{"line":1,"column":1},"end":{"line":54,"column":4}},"1":{"start":{"line":4,"column":0},"end":{"line":6,"column":3}},"2":{"start":{"line":8,"column":23},"end":{"line":8,"column":63}},"3":{"start":{"line":11,"column":0},"end":{"line":44,"column":2}},"4":{"start":{"line":16,"column":4},"end":{"line":20,"column":6}},"5":{"start":{"line":33,"column":18},"end":{"line":33,"column":32}},"6":{"start":{"line":35,"column":6},"end":{"line":37,"column":8}},"7":{"start":{"line":36,"column":8},"end":{"line":36,"column":19}},"8":{"start":{"line":39,"column":6},"end":{"line":41,"column":8}},"9":{"start":{"line":40,"column":8},"end":{"line":40,"column":17}},"10":{"start":{"line":55,"column":0},"end":{"line":55,"column":70}},"11":{"start":{"line":55,"column":31},"end":{"line":55,"column":70}},"12":{"start":{"line":56,"column":24},"end":{"line":56,"column":100}},"13":{"start":{"line":57,"column":0},"end":{"line":57,"column":379}},"14":{"start":{"line":57,"column":54},"end":{"line":57,"column":58}},"15":{"start":{"line":57,"column":66},"end":{"line":57,"column":84}},"16":{"start":{"line":57,"column":92},"end":{"line":57,"column":108}},"17":{"start":{"line":57,"column":109},"end":{"line":57,"column":378}},"18":{"start":{"line":58,"column":0},"end":{"line":58,"column":258}},"19":{"start":{"line":58,"column":64},"end":{"line":58,"column":68}},"20":{"start":{"line":58,"column":76},"end":{"line":58,"column":94}},"21":{"start":{"line":58,"column":102},"end":{"line":58,"column":118}},"22":{"start":{"line":58,"column":119},"end":{"line":58,"column":256}}},"fnMap":{"0":{"name":"(anonymous_0)","decl":{"start":{"line":1,"column":2},"end":{"line":1,"column":3}},"loc":{"start":{"line":1,"column":12},"end":{"line":54,"column":1}},"line":1},"1":{"name":"data","decl":{"start":{"line":15,"column":17},"end":{"line":15,"column":21}},"loc":{"start":{"line":15,"column":24},"end":{"line":21,"column":3}},"line":15},"2":{"name":"loadLogo","decl":{"start":{"line":32,"column":23},"end":{"line":32,"column":31}},"loc":{"start":{"line":32,"column":37},"end":{"line":42,"column":5}},"line":32},"3":{"name":"(anonymous_3)","decl":{"start":{"line":35,"column":21},"end":{"line":35,"column":22}},"loc":{"start":{"line":35,"column":33},"end":{"line":37,"column":7}},"line":35},"4":{"name":"(anonymous_4)","decl":{"start":{"line":39,"column":22},"end":{"line":39,"column":23}},"loc":{"start":{"line":39,"column":34},"end":{"line":41,"column":7}},"line":39},"5":{"name":"render","decl":{"start":{"line":57,"column":35},"end":{"line":57,"column":41}},"loc":{"start":{"line":57,"column":45},"end":{"line":57,"column":379}},"line":57},"6":{"name":"render","decl":{"start":{"line":58,"column":45},"end":{"line":58,"column":51}},"loc":{"start":{"line":58,"column":55},"end":{"line":58,"column":257}},"line":58}},"branchMap":{"0":{"loc":{"start":{"line":55,"column":0},"end":{"line":55,"column":70}},"type":"if","locations":[{"start":{"line":55,"column":0},"end":{"line":55,"column":70}},{"start":{"line":55,"column":0},"end":{"line":55,"column":70}}],"line":55},"1":{"loc":{"start":{"line":56,"column":24},"end":{"line":56,"column":100}},"type":"cond-expr","locations":[{"start":{"line":56,"column":62},"end":{"line":56,"column":84}},{"start":{"line":56,"column":86},"end":{"line":56,"column":100}}],"line":56},"2":{"loc":{"start":{"line":57,"column":92},"end":{"line":57,"column":108}},"type":"binary-expr","locations":[{"start":{"line":57,"column":92},"end":{"line":57,"column":104}},{"start":{"line":57,"column":106},"end":{"line":57,"column":108}}],"line":57},"3":{"loc":{"start":{"line":58,"column":102},"end":{"line":58,"column":118}},"type":"binary-expr","locations":[{"start":{"line":58,"column":102},"end":{"line":58,"column":114}},{"start":{"line":58,"column":116},"end":{"line":58,"column":118}}],"line":58}},"s":{"0":0,"1":0,"2":0,"3":0,"4":0,"5":0,"6":0,"7":0,"8":0,"9":0,"10":0,"11":0,"12":0,"13":0,"14":0,"15":0,"16":0,"17":0,"18":0,"19":0,"20":0,"21":0,"22":0},"f":{"0":0,"1":0,"2":0,"3":0,"4":0,"5":0,"6":0},"b":{"0":[0,0],"1":[0,0],"2":[0,0],"3":[0,0]}}
,"D:\\projects\\slackWidget\\slackChatWidget\\src\\components\\chatInput.vue": {"path":"D:\\projects\\slackWidget\\slackChatWidget\\src\\components\\chatInput.vue","statementMap":{"0":{"start":{"line":1,"column":1},"end":{"line":203,"column":4}},"1":{"start":{"line":4,"column":0},"end":{"line":6,"column":3}},"2":{"start":{"line":8,"column":23},"end":{"line":8,"column":63}},"3":{"start":{"line":10,"column":15},"end":{"line":10,"column":34}},"4":{"start":{"line":40,"column":0},"end":{"line":202,"column":2}},"5":{"start":{"line":45,"column":4},"end":{"line":55,"column":6}},"6":{"start":{"line":67,"column":6},"end":{"line":67,"column":33}},"7":{"start":{"line":76,"column":6},"end":{"line":76,"column":34}},"8":{"start":{"line":89,"column":6},"end":{"line":89,"column":49}},"9":{"start":{"line":97,"column":6},"end":{"line":105,"column":7}},"10":{"start":{"line":98,"column":8},"end":{"line":104,"column":9}},"11":{"start":{"line":99,"column":10},"end":{"line":99,"column":75}},"12":{"start":{"line":100,"column":10},"end":{"line":100,"column":44}},"13":{"start":{"line":101,"column":10},"end":{"line":101,"column":32}},"14":{"start":{"line":103,"column":10},"end":{"line":103,"column":31}},"15":{"start":{"line":114,"column":6},"end":{"line":114,"column":52}},"16":{"start":{"line":123,"column":6},"end":{"line":123,"column":61}},"17":{"start":{"line":131,"column":6},"end":{"line":131,"column":24}},"18":{"start":{"line":132,"column":6},"end":{"line":132,"column":25}},"19":{"start":{"line":142,"column":6},"end":{"line":146,"column":9}},"20":{"start":{"line":143,"column":8},"end":{"line":143,"column":30}},"21":{"start":{"line":145,"column":8},"end":{"line":145,"column":27}},"22":{"start":{"line":155,"column":6},"end":{"line":155,"column":43}},"23":{"start":{"line":164,"column":6},"end":{"line":164,"column":25}},"24":{"start":{"line":165,"column":6},"end":{"line":165,"column":39}},"25":{"start":{"line":167,"column":6},"end":{"line":186,"column":7}},"26":{"start":{"line":169,"column":8},"end":{"line":183,"column":9}},"27":{"start":{"line":171,"column":21},"end":{"line":171,"column":130}},"28":{"start":{"line":172,"column":10},"end":{"line":172,"column":47}},"29":{"start":{"line":175,"column":10},"end":{"line":175,"column":30}},"30":{"start":{"line":177,"column":10},"end":{"line":177,"column":29}},"31":{"start":{"line":180,"column":10},"end":{"line":180,"column":32}},"32":{"start":{"line":182,"column":10},"end":{"line":182,"column":43}},"33":{"start":{"line":185,"column":8},"end":{"line":185,"column":29}},"34":{"start":{"line":192,"column":4},"end":{"line":192,"column":39}},"35":{"start":{"line":193,"column":4},"end":{"line":193,"column":37}},"36":{"start":{"line":196,"column":4},"end":{"line":196,"column":38}},"37":{"start":{"line":200,"column":4},"end":{"line":200,"column":45}},"38":{"start":{"line":204,"column":0},"end":{"line":204,"column":70}},"39":{"start":{"line":204,"column":31},"end":{"line":204,"column":70}},"40":{"start":{"line":205,"column":24},"end":{"line":205,"column":100}},"41":{"start":{"line":206,"column":0},"end":{"line":206,"column":1228}},"42":{"start":{"line":206,"column":54},"end":{"line":206,"column":58}},"43":{"start":{"line":206,"column":66},"end":{"line":206,"column":84}},"44":{"start":{"line":206,"column":92},"end":{"line":206,"column":108}},"45":{"start":{"line":206,"column":109},"end":{"line":206,"column":1227}},"46":{"start":{"line":206,"column":239},"end":{"line":206,"column":263}},"47":{"start":{"line":206,"column":263},"end":{"line":206,"column":283}},"48":{"start":{"line":206,"column":617},"end":{"line":206,"column":655}},"49":{"start":{"line":206,"column":646},"end":{"line":206,"column":653}},"50":{"start":{"line":206,"column":655},"end":{"line":206,"column":687}},"51":{"start":{"line":206,"column":1046},"end":{"line":206,"column":1084}},"52":{"start":{"line":206,"column":1075},"end":{"line":206,"column":1082}},"53":{"start":{"line":206,"column":1084},"end":{"line":206,"column":1115}},"54":{"start":{"line":207,"column":0},"end":{"line":207,"column":37}}},"fnMap":{"0":{"name":"(anonymous_0)","decl":{"start":{"line":1,"column":2},"end":{"line":1,"column":3}},"loc":{"start":{"line":1,"column":12},"end":{"line":203,"column":1}},"line":1},"1":{"name":"data","decl":{"start":{"line":44,"column":17},"end":{"line":44,"column":21}},"loc":{"start":{"line":44,"column":24},"end":{"line":56,"column":3}},"line":44},"2":{"name":"clearedMessage","decl":{"start":{"line":66,"column":29},"end":{"line":66,"column":43}},"loc":{"start":{"line":66,"column":46},"end":{"line":68,"column":5}},"line":66},"3":{"name":"clearedUsername","decl":{"start":{"line":75,"column":30},"end":{"line":75,"column":45}},"loc":{"start":{"line":75,"column":48},"end":{"line":77,"column":5}},"line":75},"4":{"name":"getUsername","decl":{"start":{"line":88,"column":26},"end":{"line":88,"column":37}},"loc":{"start":{"line":88,"column":40},"end":{"line":90,"column":5}},"line":88},"5":{"name":"setUsername","decl":{"start":{"line":96,"column":26},"end":{"line":96,"column":37}},"loc":{"start":{"line":96,"column":40},"end":{"line":106,"column":5}},"line":96},"6":{"name":"getMessage","decl":{"start":{"line":113,"column":25},"end":{"line":113,"column":35}},"loc":{"start":{"line":113,"column":38},"end":{"line":115,"column":5}},"line":113},"7":{"name":"setMessage","decl":{"start":{"line":122,"column":25},"end":{"line":122,"column":35}},"loc":{"start":{"line":122,"column":45},"end":{"line":124,"column":5}},"line":122},"8":{"name":"clearFields","decl":{"start":{"line":130,"column":26},"end":{"line":130,"column":37}},"loc":{"start":{"line":130,"column":40},"end":{"line":133,"column":5}},"line":130},"9":{"name":"sendAjaxMessage","decl":{"start":{"line":141,"column":30},"end":{"line":141,"column":45}},"loc":{"start":{"line":141,"column":57},"end":{"line":147,"column":5}},"line":141},"10":{"name":"(anonymous_10)","decl":{"start":{"line":142,"column":38},"end":{"line":142,"column":39}},"loc":{"start":{"line":142,"column":58},"end":{"line":144,"column":7}},"line":142},"11":{"name":"(anonymous_11)","decl":{"start":{"line":144,"column":15},"end":{"line":144,"column":16}},"loc":{"start":{"line":144,"column":32},"end":{"line":146,"column":7}},"line":144},"12":{"name":"onInput","decl":{"start":{"line":154,"column":22},"end":{"line":154,"column":29}},"loc":{"start":{"line":154,"column":32},"end":{"line":156,"column":5}},"line":154},"13":{"name":"onSubmit","decl":{"start":{"line":162,"column":23},"end":{"line":162,"column":31}},"loc":{"start":{"line":162,"column":34},"end":{"line":187,"column":5}},"line":162},"14":{"name":"mounted","decl":{"start":{"line":190,"column":20},"end":{"line":190,"column":27}},"loc":{"start":{"line":190,"column":30},"end":{"line":197,"column":3}},"line":190},"15":{"name":"updated","decl":{"start":{"line":199,"column":20},"end":{"line":199,"column":27}},"loc":{"start":{"line":199,"column":30},"end":{"line":201,"column":3}},"line":199},"16":{"name":"render","decl":{"start":{"line":206,"column":35},"end":{"line":206,"column":41}},"loc":{"start":{"line":206,"column":45},"end":{"line":206,"column":1228}},"line":206},"17":{"name":"(anonymous_17)","decl":{"start":{"line":206,"column":222},"end":{"line":206,"column":223}},"loc":{"start":{"line":206,"column":238},"end":{"line":206,"column":284}},"line":206},"18":{"name":"(anonymous_18)","decl":{"start":{"line":206,"column":600},"end":{"line":206,"column":601}},"loc":{"start":{"line":206,"column":616},"end":{"line":206,"column":688}},"line":206},"19":{"name":"(anonymous_19)","decl":{"start":{"line":206,"column":1029},"end":{"line":206,"column":1030}},"loc":{"start":{"line":206,"column":1045},"end":{"line":206,"column":1116}},"line":206}},"branchMap":{"0":{"loc":{"start":{"line":97,"column":6},"end":{"line":105,"column":7}},"type":"if","locations":[{"start":{"line":97,"column":6},"end":{"line":105,"column":7}},{"start":{"line":97,"column":6},"end":{"line":105,"column":7}}],"line":97},"1":{"loc":{"start":{"line":98,"column":8},"end":{"line":104,"column":9}},"type":"if","locations":[{"start":{"line":98,"column":8},"end":{"line":104,"column":9}},{"start":{"line":98,"column":8},"end":{"line":104,"column":9}}],"line":98},"2":{"loc":{"start":{"line":167,"column":6},"end":{"line":186,"column":7}},"type":"if","locations":[{"start":{"line":167,"column":6},"end":{"line":186,"column":7}},{"start":{"line":167,"column":6},"end":{"line":186,"column":7}}],"line":167},"3":{"loc":{"start":{"line":169,"column":8},"end":{"line":183,"column":9}},"type":"if","locations":[{"start":{"line":169,"column":8},"end":{"line":183,"column":9}},{"start":{"line":169,"column":8},"end":{"line":183,"column":9}}],"line":169},"4":{"loc":{"start":{"line":204,"column":0},"end":{"line":204,"column":70}},"type":"if","locations":[{"start":{"line":204,"column":0},"end":{"line":204,"column":70}},{"start":{"line":204,"column":0},"end":{"line":204,"column":70}}],"line":204},"5":{"loc":{"start":{"line":205,"column":24},"end":{"line":205,"column":100}},"type":"cond-expr","locations":[{"start":{"line":205,"column":62},"end":{"line":205,"column":84}},{"start":{"line":205,"column":86},"end":{"line":205,"column":100}}],"line":205},"6":{"loc":{"start":{"line":206,"column":92},"end":{"line":206,"column":108}},"type":"binary-expr","locations":[{"start":{"line":206,"column":92},"end":{"line":206,"column":104}},{"start":{"line":206,"column":106},"end":{"line":206,"column":108}}],"line":206},"7":{"loc":{"start":{"line":206,"column":288},"end":{"line":206,"column":1132}},"type":"cond-expr","locations":[{"start":{"line":206,"column":315},"end":{"line":206,"column":691}},{"start":{"line":206,"column":692},"end":{"line":206,"column":1132}}],"line":206},"8":{"loc":{"start":{"line":206,"column":617},"end":{"line":206,"column":655}},"type":"if","locations":[{"start":{"line":206,"column":617},"end":{"line":206,"column":655}},{"start":{"line":206,"column":617},"end":{"line":206,"column":655}}],"line":206},"9":{"loc":{"start":{"line":206,"column":1046},"end":{"line":206,"column":1084}},"type":"if","locations":[{"start":{"line":206,"column":1046},"end":{"line":206,"column":1084}},{"start":{"line":206,"column":1046},"end":{"line":206,"column":1084}}],"line":206}},"s":{"0":0,"1":0,"2":0,"3":0,"4":0,"5":0,"6":0,"7":0,"8":0,"9":0,"10":0,"11":0,"12":0,"13":0,"14":0,"15":0,"16":0,"17":0,"18":0,"19":0,"20":0,"21":0,"22":0,"23":0,"24":0,"25":0,"26":0,"27":0,"28":0,"29":0,"30":0,"31":0,"32":0,"33":0,"34":0,"35":0,"36":0,"37":0,"38":0,"39":0,"40":0,"41":0,"42":0,"43":0,"44":0,"45":0,"46":0,"47":0,"48":0,"49":0,"50":0,"51":0,"52":0,"53":0,"54":0},"f":{"0":0,"1":0,"2":0,"3":0,"4":0,"5":0,"6":0,"7":0,"8":0,"9":0,"10":0,"11":0,"12":0,"13":0,"14":0,"15":0,"16":0,"17":0,"18":0,"19":0},"b":{"0":[0,0],"1":[0,0],"2":[0,0],"3":[0,0],"4":[0,0],"5":[0,0],"6":[0,0],"7":[0,0],"8":[0,0],"9":[0,0]}}
,"D:\\projects\\slackWidget\\slackChatWidget\\src\\components\\chatOffline.vue": {"path":"D:\\projects\\slackWidget\\slackChatWidget\\src\\components\\chatOffline.vue","statementMap":{"0":{"start":{"line":1,"column":1},"end":{"line":215,"column":4}},"1":{"start":{"line":4,"column":0},"end":{"line":6,"column":3}},"2":{"start":{"line":8,"column":23},"end":{"line":8,"column":63}},"3":{"start":{"line":10,"column":15},"end":{"line":10,"column":34}},"4":{"start":{"line":44,"column":0},"end":{"line":214,"column":2}},"5":{"start":{"line":49,"column":4},"end":{"line":62,"column":6}},"6":{"start":{"line":74,"column":6},"end":{"line":74,"column":33}},"7":{"start":{"line":83,"column":6},"end":{"line":83,"column":31}},"8":{"start":{"line":92,"column":6},"end":{"line":96,"column":7}},"9":{"start":{"line":93,"column":8},"end":{"line":93,"column":73}},"10":{"start":{"line":95,"column":8},"end":{"line":95,"column":76}},"11":{"start":{"line":108,"column":6},"end":{"line":108,"column":50}},"12":{"start":{"line":116,"column":6},"end":{"line":116,"column":69}},"13":{"start":{"line":117,"column":6},"end":{"line":117,"column":37}},"14":{"start":{"line":126,"column":6},"end":{"line":126,"column":52}},"15":{"start":{"line":135,"column":6},"end":{"line":135,"column":61}},"16":{"start":{"line":143,"column":6},"end":{"line":143,"column":24}},"17":{"start":{"line":144,"column":6},"end":{"line":144,"column":22}},"18":{"start":{"line":154,"column":17},"end":{"line":154,"column":21}},"19":{"start":{"line":155,"column":6},"end":{"line":159,"column":9}},"20":{"start":{"line":156,"column":8},"end":{"line":156,"column":27}},"21":{"start":{"line":158,"column":8},"end":{"line":158,"column":28}},"22":{"start":{"line":168,"column":6},"end":{"line":168,"column":43}},"23":{"start":{"line":177,"column":6},"end":{"line":177,"column":39}},"24":{"start":{"line":179,"column":6},"end":{"line":198,"column":7}},"25":{"start":{"line":180,"column":8},"end":{"line":193,"column":9}},"26":{"start":{"line":182,"column":21},"end":{"line":182,"column":125}},"27":{"start":{"line":183,"column":10},"end":{"line":183,"column":47}},"28":{"start":{"line":186,"column":10},"end":{"line":186,"column":30}},"29":{"start":{"line":188,"column":10},"end":{"line":188,"column":32}},"30":{"start":{"line":189,"column":10},"end":{"line":189,"column":29}},"31":{"start":{"line":190,"column":10},"end":{"line":190,"column":32}},"32":{"start":{"line":192,"column":10},"end":{"line":192,"column":31}},"33":{"start":{"line":195,"column":8},"end":{"line":195,"column":30}},"34":{"start":{"line":197,"column":8},"end":{"line":197,"column":29}},"35":{"start":{"line":204,"column":4},"end":{"line":204,"column":33}},"36":{"start":{"line":205,"column":4},"end":{"line":205,"column":37}},"37":{"start":{"line":208,"column":4},"end":{"line":208,"column":38}},"38":{"start":{"line":212,"column":4},"end":{"line":212,"column":45}},"39":{"start":{"line":216,"column":0},"end":{"line":216,"column":70}},"40":{"start":{"line":216,"column":31},"end":{"line":216,"column":70}},"41":{"start":{"line":217,"column":24},"end":{"line":217,"column":100}},"42":{"start":{"line":218,"column":0},"end":{"line":218,"column":1495}},"43":{"start":{"line":218,"column":54},"end":{"line":218,"column":58}},"44":{"start":{"line":218,"column":66},"end":{"line":218,"column":84}},"45":{"start":{"line":218,"column":92},"end":{"line":218,"column":108}},"46":{"start":{"line":218,"column":109},"end":{"line":218,"column":1494}},"47":{"start":{"line":218,"column":258},"end":{"line":218,"column":282}},"48":{"start":{"line":218,"column":282},"end":{"line":218,"column":302}},"49":{"start":{"line":218,"column":767},"end":{"line":218,"column":805}},"50":{"start":{"line":218,"column":796},"end":{"line":218,"column":803}},"51":{"start":{"line":218,"column":805},"end":{"line":218,"column":836}},"52":{"start":{"line":218,"column":1217},"end":{"line":218,"column":1255}},"53":{"start":{"line":218,"column":1246},"end":{"line":218,"column":1253}},"54":{"start":{"line":218,"column":1255},"end":{"line":218,"column":1284}},"55":{"start":{"line":219,"column":0},"end":{"line":219,"column":37}}},"fnMap":{"0":{"name":"(anonymous_0)","decl":{"start":{"line":1,"column":2},"end":{"line":1,"column":3}},"loc":{"start":{"line":1,"column":12},"end":{"line":215,"column":1}},"line":1},"1":{"name":"data","decl":{"start":{"line":48,"column":17},"end":{"line":48,"column":21}},"loc":{"start":{"line":48,"column":24},"end":{"line":63,"column":3}},"line":48},"2":{"name":"clearedMessage","decl":{"start":{"line":73,"column":29},"end":{"line":73,"column":43}},"loc":{"start":{"line":73,"column":46},"end":{"line":75,"column":5}},"line":73},"3":{"name":"clearedEmail","decl":{"start":{"line":82,"column":27},"end":{"line":82,"column":39}},"loc":{"start":{"line":82,"column":42},"end":{"line":84,"column":5}},"line":82},"4":{"name":"resultMessage","decl":{"start":{"line":91,"column":28},"end":{"line":91,"column":41}},"loc":{"start":{"line":91,"column":44},"end":{"line":97,"column":5}},"line":91},"5":{"name":"getEmail","decl":{"start":{"line":107,"column":23},"end":{"line":107,"column":31}},"loc":{"start":{"line":107,"column":34},"end":{"line":109,"column":5}},"line":107},"6":{"name":"setEmail","decl":{"start":{"line":115,"column":23},"end":{"line":115,"column":31}},"loc":{"start":{"line":115,"column":34},"end":{"line":118,"column":5}},"line":115},"7":{"name":"getMessage","decl":{"start":{"line":125,"column":25},"end":{"line":125,"column":35}},"loc":{"start":{"line":125,"column":38},"end":{"line":127,"column":5}},"line":125},"8":{"name":"setMessage","decl":{"start":{"line":134,"column":25},"end":{"line":134,"column":35}},"loc":{"start":{"line":134,"column":45},"end":{"line":136,"column":5}},"line":134},"9":{"name":"clearFields","decl":{"start":{"line":142,"column":26},"end":{"line":142,"column":37}},"loc":{"start":{"line":142,"column":40},"end":{"line":145,"column":5}},"line":142},"10":{"name":"sendAjaxMessage","decl":{"start":{"line":153,"column":30},"end":{"line":153,"column":45}},"loc":{"start":{"line":153,"column":57},"end":{"line":160,"column":5}},"line":153},"11":{"name":"(anonymous_11)","decl":{"start":{"line":155,"column":38},"end":{"line":155,"column":39}},"loc":{"start":{"line":155,"column":58},"end":{"line":157,"column":7}},"line":155},"12":{"name":"(anonymous_12)","decl":{"start":{"line":157,"column":15},"end":{"line":157,"column":16}},"loc":{"start":{"line":157,"column":32},"end":{"line":159,"column":7}},"line":157},"13":{"name":"onInput","decl":{"start":{"line":167,"column":22},"end":{"line":167,"column":29}},"loc":{"start":{"line":167,"column":32},"end":{"line":169,"column":5}},"line":167},"14":{"name":"onSubmit","decl":{"start":{"line":175,"column":23},"end":{"line":175,"column":31}},"loc":{"start":{"line":175,"column":39},"end":{"line":199,"column":5}},"line":175},"15":{"name":"mounted","decl":{"start":{"line":202,"column":20},"end":{"line":202,"column":27}},"loc":{"start":{"line":202,"column":30},"end":{"line":209,"column":3}},"line":202},"16":{"name":"updated","decl":{"start":{"line":211,"column":20},"end":{"line":211,"column":27}},"loc":{"start":{"line":211,"column":30},"end":{"line":213,"column":3}},"line":211},"17":{"name":"render","decl":{"start":{"line":218,"column":35},"end":{"line":218,"column":41}},"loc":{"start":{"line":218,"column":45},"end":{"line":218,"column":1495}},"line":218},"18":{"name":"(anonymous_18)","decl":{"start":{"line":218,"column":241},"end":{"line":218,"column":242}},"loc":{"start":{"line":218,"column":257},"end":{"line":218,"column":303}},"line":218},"19":{"name":"(anonymous_19)","decl":{"start":{"line":218,"column":750},"end":{"line":218,"column":751}},"loc":{"start":{"line":218,"column":766},"end":{"line":218,"column":837}},"line":218},"20":{"name":"(anonymous_20)","decl":{"start":{"line":218,"column":1200},"end":{"line":218,"column":1201}},"loc":{"start":{"line":218,"column":1216},"end":{"line":218,"column":1285}},"line":218}},"branchMap":{"0":{"loc":{"start":{"line":92,"column":6},"end":{"line":96,"column":7}},"type":"if","locations":[{"start":{"line":92,"column":6},"end":{"line":96,"column":7}},{"start":{"line":92,"column":6},"end":{"line":96,"column":7}}],"line":92},"1":{"loc":{"start":{"line":179,"column":6},"end":{"line":198,"column":7}},"type":"if","locations":[{"start":{"line":179,"column":6},"end":{"line":198,"column":7}},{"start":{"line":179,"column":6},"end":{"line":198,"column":7}}],"line":179},"2":{"loc":{"start":{"line":180,"column":8},"end":{"line":193,"column":9}},"type":"if","locations":[{"start":{"line":180,"column":8},"end":{"line":193,"column":9}},{"start":{"line":180,"column":8},"end":{"line":193,"column":9}}],"line":180},"3":{"loc":{"start":{"line":216,"column":0},"end":{"line":216,"column":70}},"type":"if","locations":[{"start":{"line":216,"column":0},"end":{"line":216,"column":70}},{"start":{"line":216,"column":0},"end":{"line":216,"column":70}}],"line":216},"4":{"loc":{"start":{"line":217,"column":24},"end":{"line":217,"column":100}},"type":"cond-expr","locations":[{"start":{"line":217,"column":62},"end":{"line":217,"column":84}},{"start":{"line":217,"column":86},"end":{"line":217,"column":100}}],"line":217},"5":{"loc":{"start":{"line":218,"column":92},"end":{"line":218,"column":108}},"type":"binary-expr","locations":[{"start":{"line":218,"column":92},"end":{"line":218,"column":104}},{"start":{"line":218,"column":106},"end":{"line":218,"column":108}}],"line":218},"6":{"loc":{"start":{"line":218,"column":162},"end":{"line":218,"column":1492}},"type":"cond-expr","locations":[{"start":{"line":218,"column":177},"end":{"line":218,"column":1385}},{"start":{"line":218,"column":1386},"end":{"line":218,"column":1492}}],"line":218},"7":{"loc":{"start":{"line":218,"column":767},"end":{"line":218,"column":805}},"type":"if","locations":[{"start":{"line":218,"column":767},"end":{"line":218,"column":805}},{"start":{"line":218,"column":767},"end":{"line":218,"column":805}}],"line":218},"8":{"loc":{"start":{"line":218,"column":1217},"end":{"line":218,"column":1255}},"type":"if","locations":[{"start":{"line":218,"column":1217},"end":{"line":218,"column":1255}},{"start":{"line":218,"column":1217},"end":{"line":218,"column":1255}}],"line":218}},"s":{"0":0,"1":0,"2":0,"3":0,"4":0,"5":0,"6":0,"7":0,"8":0,"9":0,"10":0,"11":0,"12":0,"13":0,"14":0,"15":0,"16":0,"17":0,"18":0,"19":0,"20":0,"21":0,"22":0,"23":0,"24":0,"25":0,"26":0,"27":0,"28":0,"29":0,"30":0,"31":0,"32":0,"33":0,"34":0,"35":0,"36":0,"37":0,"38":0,"39":0,"40":0,"41":0,"42":0,"43":0,"44":0,"45":0,"46":0,"47":0,"48":0,"49":0,"50":0,"51":0,"52":0,"53":0,"54":0,"55":0},"f":{"0":0,"1":0,"2":0,"3":0,"4":0,"5":0,"6":0,"7":0,"8":0,"9":0,"10":0,"11":0,"12":0,"13":0,"14":0,"15":0,"16":0,"17":0,"18":0,"19":0,"20":0},"b":{"0":[0,0],"1":[0,0],"2":[0,0],"3":[0,0],"4":[0,0],"5":[0,0],"6":[0,0],"7":[0,0],"8":[0,0]}}
,"D:\\projects\\slackWidget\\slackChatWidget\\src\\components\\chatWindow.vue": {"path":"D:\\projects\\slackWidget\\slackChatWidget\\src\\components\\chatWindow.vue","statementMap":{"0":{"start":{"line":1,"column":1},"end":{"line":194,"column":4}},"1":{"start":{"line":4,"column":0},"end":{"line":6,"column":3}},"2":{"start":{"line":8,"column":18},"end":{"line":8,"column":45}},"3":{"start":{"line":10,"column":19},"end":{"line":10,"column":54}},"4":{"start":{"line":12,"column":18},"end":{"line":12,"column":45}},"5":{"start":{"line":14,"column":19},"end":{"line":14,"column":54}},"6":{"start":{"line":16,"column":17},"end":{"line":16,"column":43}},"7":{"start":{"line":18,"column":18},"end":{"line":18,"column":52}},"8":{"start":{"line":20,"column":19},"end":{"line":20,"column":47}},"9":{"start":{"line":22,"column":20},"end":{"line":22,"column":56}},"10":{"start":{"line":24,"column":23},"end":{"line":24,"column":63}},"11":{"start":{"line":26,"column":39},"end":{"line":26,"column":93}},"12":{"start":{"line":29,"column":0},"end":{"line":178,"column":2}},"13":{"start":{"line":41,"column":4},"end":{"line":56,"column":6}},"14":{"start":{"line":67,"column":18},"end":{"line":67,"column":22}},"15":{"start":{"line":69,"column":16},"end":{"line":79,"column":8}},"16":{"start":{"line":70,"column":8},"end":{"line":75,"column":9}},"17":{"start":{"line":71,"column":10},"end":{"line":71,"column":69}},"18":{"start":{"line":72,"column":10},"end":{"line":72,"column":46}},"19":{"start":{"line":74,"column":10},"end":{"line":74,"column":35}},"20":{"start":{"line":77,"column":8},"end":{"line":77,"column":33}},"21":{"start":{"line":78,"column":8},"end":{"line":78,"column":27}},"22":{"start":{"line":82,"column":6},"end":{"line":82,"column":34}},"23":{"start":{"line":90,"column":6},"end":{"line":90,"column":35}},"24":{"start":{"line":91,"column":6},"end":{"line":91,"column":46}},"25":{"start":{"line":92,"column":6},"end":{"line":92,"column":45}},"26":{"start":{"line":93,"column":6},"end":{"line":93,"column":48}},"27":{"start":{"line":101,"column":6},"end":{"line":101,"column":36}},"28":{"start":{"line":102,"column":6},"end":{"line":102,"column":46}},"29":{"start":{"line":103,"column":6},"end":{"line":103,"column":45}},"30":{"start":{"line":104,"column":6},"end":{"line":104,"column":48}},"31":{"start":{"line":113,"column":17},"end":{"line":113,"column":21}},"32":{"start":{"line":115,"column":6},"end":{"line":148,"column":9}},"33":{"start":{"line":116,"column":20},"end":{"line":116,"column":41}},"34":{"start":{"line":118,"column":26},"end":{"line":118,"column":53}},"35":{"start":{"line":119,"column":28},"end":{"line":119,"column":30}},"36":{"start":{"line":121,"column":8},"end":{"line":144,"column":9}},"37":{"start":{"line":122,"column":25},"end":{"line":129,"column":11}},"38":{"start":{"line":124,"column":29},"end":{"line":126,"column":14}},"39":{"start":{"line":125,"column":14},"end":{"line":125,"column":89}},"40":{"start":{"line":128,"column":12},"end":{"line":128,"column":37}},"41":{"start":{"line":131,"column":10},"end":{"line":133,"column":13}},"42":{"start":{"line":132,"column":12},"end":{"line":132,"column":42}},"43":{"start":{"line":135,"column":24},"end":{"line":135,"column":48}},"44":{"start":{"line":137,"column":10},"end":{"line":141,"column":11}},"45":{"start":{"line":138,"column":12},"end":{"line":138,"column":35}},"46":{"start":{"line":140,"column":12},"end":{"line":140,"column":36}},"47":{"start":{"line":143,"column":10},"end":{"line":143,"column":34}},"48":{"start":{"line":146,"column":8},"end":{"line":146,"column":32}},"49":{"start":{"line":147,"column":8},"end":{"line":147,"column":27}},"50":{"start":{"line":156,"column":6},"end":{"line":156,"column":25}},"51":{"start":{"line":161,"column":4},"end":{"line":161,"column":24}},"52":{"start":{"line":164,"column":4},"end":{"line":171,"column":7}},"53":{"start":{"line":173,"column":4},"end":{"line":175,"column":7}},"54":{"start":{"line":195,"column":0},"end":{"line":195,"column":70}},"55":{"start":{"line":195,"column":31},"end":{"line":195,"column":70}},"56":{"start":{"line":196,"column":24},"end":{"line":196,"column":100}},"57":{"start":{"line":197,"column":0},"end":{"line":197,"column":681}},"58":{"start":{"line":197,"column":54},"end":{"line":197,"column":58}},"59":{"start":{"line":197,"column":66},"end":{"line":197,"column":84}},"60":{"start":{"line":197,"column":92},"end":{"line":197,"column":108}},"61":{"start":{"line":197,"column":109},"end":{"line":197,"column":680}},"62":{"start":{"line":198,"column":0},"end":{"line":198,"column":37}}},"fnMap":{"0":{"name":"(anonymous_0)","decl":{"start":{"line":1,"column":2},"end":{"line":1,"column":3}},"loc":{"start":{"line":1,"column":12},"end":{"line":194,"column":1}},"line":1},"1":{"name":"_interopRequireDefault","decl":{"start":{"line":26,"column":9},"end":{"line":26,"column":31}},"loc":{"start":{"line":26,"column":37},"end":{"line":26,"column":95}},"line":26},"2":{"name":"data","decl":{"start":{"line":40,"column":17},"end":{"line":40,"column":21}},"loc":{"start":{"line":40,"column":24},"end":{"line":57,"column":3}},"line":40},"3":{"name":"createSocket","decl":{"start":{"line":66,"column":27},"end":{"line":66,"column":39}},"loc":{"start":{"line":66,"column":42},"end":{"line":83,"column":5}},"line":66},"4":{"name":"(anonymous_4)","decl":{"start":{"line":69,"column":71},"end":{"line":69,"column":72}},"loc":{"start":{"line":69,"column":91},"end":{"line":76,"column":7}},"line":69},"5":{"name":"(anonymous_5)","decl":{"start":{"line":76,"column":9},"end":{"line":76,"column":10}},"loc":{"start":{"line":76,"column":26},"end":{"line":79,"column":7}},"line":76},"6":{"name":"setToOnlineMode","decl":{"start":{"line":89,"column":30},"end":{"line":89,"column":45}},"loc":{"start":{"line":89,"column":48},"end":{"line":94,"column":5}},"line":89},"7":{"name":"setToOfflineMode","decl":{"start":{"line":100,"column":31},"end":{"line":100,"column":47}},"loc":{"start":{"line":100,"column":50},"end":{"line":105,"column":5}},"line":100},"8":{"name":"isSomeOnline","decl":{"start":{"line":111,"column":27},"end":{"line":111,"column":39}},"loc":{"start":{"line":111,"column":42},"end":{"line":149,"column":5}},"line":111},"9":{"name":"(anonymous_9)","decl":{"start":{"line":115,"column":57},"end":{"line":115,"column":58}},"loc":{"start":{"line":115,"column":77},"end":{"line":145,"column":7}},"line":115},"10":{"name":"isOnline","decl":{"start":{"line":122,"column":34},"end":{"line":122,"column":42}},"loc":{"start":{"line":122,"column":51},"end":{"line":129,"column":11}},"line":122},"11":{"name":"(anonymous_11)","decl":{"start":{"line":124,"column":42},"end":{"line":124,"column":43}},"loc":{"start":{"line":124,"column":57},"end":{"line":126,"column":13}},"line":124},"12":{"name":"(anonymous_12)","decl":{"start":{"line":131,"column":45},"end":{"line":131,"column":46}},"loc":{"start":{"line":131,"column":60},"end":{"line":133,"column":11}},"line":131},"13":{"name":"(anonymous_13)","decl":{"start":{"line":145,"column":9},"end":{"line":145,"column":10}},"loc":{"start":{"line":145,"column":26},"end":{"line":148,"column":7}},"line":145},"14":{"name":"closeChat","decl":{"start":{"line":155,"column":24},"end":{"line":155,"column":33}},"loc":{"start":{"line":155,"column":36},"end":{"line":157,"column":5}},"line":155},"15":{"name":"mounted","decl":{"start":{"line":160,"column":20},"end":{"line":160,"column":27}},"loc":{"start":{"line":160,"column":30},"end":{"line":176,"column":3}},"line":160},"16":{"name":"render","decl":{"start":{"line":197,"column":35},"end":{"line":197,"column":41}},"loc":{"start":{"line":197,"column":45},"end":{"line":197,"column":681}},"line":197}},"branchMap":{"0":{"loc":{"start":{"line":26,"column":46},"end":{"line":26,"column":92}},"type":"cond-expr","locations":[{"start":{"line":26,"column":70},"end":{"line":26,"column":73}},{"start":{"line":26,"column":76},"end":{"line":26,"column":92}}],"line":26},"1":{"loc":{"start":{"line":26,"column":46},"end":{"line":26,"column":67}},"type":"binary-expr","locations":[{"start":{"line":26,"column":46},"end":{"line":26,"column":49}},{"start":{"line":26,"column":53},"end":{"line":26,"column":67}}],"line":26},"2":{"loc":{"start":{"line":70,"column":8},"end":{"line":75,"column":9}},"type":"if","locations":[{"start":{"line":70,"column":8},"end":{"line":75,"column":9}},{"start":{"line":70,"column":8},"end":{"line":75,"column":9}}],"line":70},"3":{"loc":{"start":{"line":121,"column":8},"end":{"line":144,"column":9}},"type":"if","locations":[{"start":{"line":121,"column":8},"end":{"line":144,"column":9}},{"start":{"line":121,"column":8},"end":{"line":144,"column":9}}],"line":121},"4":{"loc":{"start":{"line":125,"column":21},"end":{"line":125,"column":88}},"type":"binary-expr","locations":[{"start":{"line":125,"column":21},"end":{"line":125,"column":37}},{"start":{"line":125,"column":41},"end":{"line":125,"column":65}},{"start":{"line":125,"column":69},"end":{"line":125,"column":88}}],"line":125},"5":{"loc":{"start":{"line":137,"column":10},"end":{"line":141,"column":11}},"type":"if","locations":[{"start":{"line":137,"column":10},"end":{"line":141,"column":11}},{"start":{"line":137,"column":10},"end":{"line":141,"column":11}}],"line":137},"6":{"loc":{"start":{"line":195,"column":0},"end":{"line":195,"column":70}},"type":"if","locations":[{"start":{"line":195,"column":0},"end":{"line":195,"column":70}},{"start":{"line":195,"column":0},"end":{"line":195,"column":70}}],"line":195},"7":{"loc":{"start":{"line":196,"column":24},"end":{"line":196,"column":100}},"type":"cond-expr","locations":[{"start":{"line":196,"column":62},"end":{"line":196,"column":84}},{"start":{"line":196,"column":86},"end":{"line":196,"column":100}}],"line":196},"8":{"loc":{"start":{"line":197,"column":92},"end":{"line":197,"column":108}},"type":"binary-expr","locations":[{"start":{"line":197,"column":92},"end":{"line":197,"column":104}},{"start":{"line":197,"column":106},"end":{"line":197,"column":108}}],"line":197},"9":{"loc":{"start":{"line":197,"column":396},"end":{"line":197,"column":564}},"type":"cond-expr","locations":[{"start":{"line":197,"column":413},"end":{"line":197,"column":555}},{"start":{"line":197,"column":556},"end":{"line":197,"column":564}}],"line":197},"10":{"loc":{"start":{"line":197,"column":577},"end":{"line":197,"column":617}},"type":"cond-expr","locations":[{"start":{"line":197,"column":593},"end":{"line":197,"column":608}},{"start":{"line":197,"column":609},"end":{"line":197,"column":617}}],"line":197},"11":{"loc":{"start":{"line":197,"column":630},"end":{"line":197,"column":674}},"type":"cond-expr","locations":[{"start":{"line":197,"column":648},"end":{"line":197,"column":665}},{"start":{"line":197,"column":666},"end":{"line":197,"column":674}}],"line":197}},"s":{"0":0,"1":0,"2":0,"3":0,"4":0,"5":0,"6":0,"7":0,"8":0,"9":0,"10":0,"11":0,"12":0,"13":0,"14":0,"15":0,"16":0,"17":0,"18":0,"19":0,"20":0,"21":0,"22":0,"23":0,"24":0,"25":0,"26":0,"27":0,"28":0,"29":0,"30":0,"31":0,"32":0,"33":0,"34":0,"35":0,"36":0,"37":0,"38":0,"39":0,"40":0,"41":0,"42":0,"43":0,"44":0,"45":0,"46":0,"47":0,"48":0,"49":0,"50":0,"51":0,"52":0,"53":0,"54":0,"55":0,"56":0,"57":0,"58":0,"59":0,"60":0,"61":0,"62":0},"f":{"0":0,"1":0,"2":0,"3":0,"4":0,"5":0,"6":0,"7":0,"8":0,"9":0,"10":0,"11":0,"12":0,"13":0,"14":0,"15":0,"16":0},"b":{"0":[0,0],"1":[0,0],"2":[0,0],"3":[0,0],"4":[0,0,0],"5":[0,0],"6":[0,0],"7":[0,0],"8":[0,0],"9":[0,0],"10":[0,0],"11":[0,0]}}
,"D:\\projects\\slackWidget\\slackChatWidget\\src\\helpers\\settingsManager.js": {"path":"D:\\projects\\slackWidget\\slackChatWidget\\src\\helpers\\settingsManager.js","statementMap":{"0":{"start":{"line":1,"column":13},"end":{"line":1,"column":75}},"1":{"start":{"line":3,"column":22},"end":{"line":53,"column":3}},"2":{"start":{"line":5,"column":19},"end":{"line":34,"column":37}},"3":{"start":{"line":38,"column":4},"end":{"line":51,"column":12}},"4":{"start":{"line":46,"column":12},"end":{"line":49,"column":13}},"5":{"start":{"line":47,"column":16},"end":{"line":48,"column":62}},"6":{"start":{"line":48,"column":16},"end":{"line":48,"column":62}},"7":{"start":{"line":50,"column":12},"end":{"line":50,"column":38}}},"fnMap":{"0":{"name":"(anonymous_0)","decl":{"start":{"line":3,"column":48},"end":{"line":3,"column":49}},"loc":{"start":{"line":3,"column":60},"end":{"line":53,"column":1}},"line":3},"1":{"name":"getProperty","decl":{"start":{"line":45,"column":30},"end":{"line":45,"column":41}},"loc":{"start":{"line":45,"column":52},"end":{"line":51,"column":9}},"line":45}},"branchMap":{"0":{"loc":{"start":{"line":46,"column":12},"end":{"line":49,"column":13}},"type":"if","locations":[{"start":{"line":46,"column":12},"end":{"line":49,"column":13}},{"start":{"line":46,"column":12},"end":{"line":49,"column":13}}],"line":46},"1":{"loc":{"start":{"line":47,"column":16},"end":{"line":48,"column":62}},"type":"if","locations":[{"start":{"line":47,"column":16},"end":{"line":48,"column":62}},{"start":{"line":47,"column":16},"end":{"line":48,"column":62}}],"line":47}},"s":{"0":0,"1":0,"2":0,"3":0,"4":0,"5":0,"6":0,"7":0},"f":{"0":0,"1":0},"b":{"0":[0,0],"1":[0,0]}}
,"D:\\projects\\slackWidget\\slackChatWidget\\src\\helpers\\utils.js": {"path":"D:\\projects\\slackWidget\\slackChatWidget\\src\\helpers\\utils.js","statementMap":{"0":{"start":{"line":3,"column":13},"end":{"line":3,"column":7}},"1":{"start":{"line":13,"column":10},"end":{"line":13,"column":16}},"2":{"start":{"line":14,"column":10},"end":{"line":14,"column":17}},"3":{"start":{"line":15,"column":10},"end":{"line":15,"column":19}},"4":{"start":{"line":16,"column":10},"end":{"line":16,"column":19}},"5":{"start":{"line":17,"column":10},"end":{"line":17,"column":34}},"6":{"start":{"line":19,"column":6},"end":{"line":null,"column":-1}}},"fnMap":{"0":{"name":"(anonymous_0)","decl":{"start":{"line":3,"column":13},"end":{"line":3,"column":21}},"loc":{"start":{"line":3,"column":13},"end":{"line":3,"column":21}}},"1":{"name":"(anonymous_1)","decl":{"start":{"line":12,"column":16},"end":{"line":12,"column":16}},"loc":{"start":{"line":12,"column":16},"end":{"line":5,"column":9}}}},"branchMap":{},"s":{"0":1,"1":1,"2":1,"3":1,"4":1,"5":1,"6":1},"f":{"0":1,"1":1},"b":{}}
}
