TN:
SF:D:\projects\slackWidget\slackChatWidget\src\App.vue
FN:1,(anonymous_0)
FN:14,_interopRequireDefault
FN:39,data
FN:54,showWidget
FN:64,hideWidget
FN:70,mounted
FN:75,(anonymous_6)
FN:83,render
FNF:8
FNH:0
FNDA:0,(anonymous_0)
FNDA:0,_interopRequireDefault
FNDA:0,data
FNDA:0,showWidget
FNDA:0,hideWidget
FNDA:0,mounted
FNDA:0,(anonymous_6)
FNDA:0,render
DA:1,0
DA:4,0
DA:8,0
DA:10,0
DA:12,0
DA:14,0
DA:31,0
DA:40,0
DA:55,0
DA:56,0
DA:57,0
DA:65,0
DA:66,0
DA:71,0
DA:75,0
DA:76,0
DA:81,0
DA:82,0
DA:83,0
DA:84,0
LF:20
LH:0
BRDA:14,0,0,0
BRDA:14,0,1,0
BRDA:14,1,0,0
BRDA:14,1,1,0
BRDA:81,2,0,0
BRDA:81,2,1,0
BRDA:82,3,0,0
BRDA:82,3,1,0
BRDA:83,4,0,0
BRDA:83,4,1,0
BRDA:83,5,0,0
BRDA:83,5,1,0
BRDA:83,6,0,0
BRDA:83,6,1,0
BRF:14
BRH:0
end_of_record
TN:
SF:D:\projects\slackWidget\slackChatWidget\src\components\chatDialog.vue
FN:1,(anonymous_0)
FN:16,_interopRequireDefault
FN:27,data
FN:46,sendWelcomeMessage
FN:65,getUsername
FN:76,getUsernameById
FN:89,getHistory
FN:107,(anonymous_7)
FN:108,(anonymous_8)
FN:115,(anonymous_9)
FN:129,getAvatarById
FN:148,getMessage
FN:182,scrollTop
FN:190,updated
FN:194,mounted
FN:197,(anonymous_15)
FN:202,(anonymous_16)
FN:231,render
FN:231,(anonymous_18)
FNF:19
FNH:0
FNDA:0,(anonymous_0)
FNDA:0,_interopRequireDefault
FNDA:0,data
FNDA:0,sendWelcomeMessage
FNDA:0,getUsername
FNDA:0,getUsernameById
FNDA:0,getHistory
FNDA:0,(anonymous_7)
FNDA:0,(anonymous_8)
FNDA:0,(anonymous_9)
FNDA:0,getAvatarById
FNDA:0,getMessage
FNDA:0,scrollTop
FNDA:0,updated
FNDA:0,mounted
FNDA:0,(anonymous_15)
FNDA:0,(anonymous_16)
FNDA:0,render
FNDA:0,(anonymous_18)
DA:1,0
DA:4,0
DA:8,0
DA:10,0
DA:12,0
DA:14,0
DA:16,0
DA:19,0
DA:28,0
DA:48,0
DA:50,0
DA:51,0
DA:52,0
DA:53,0
DA:54,0
DA:55,0
DA:57,0
DA:66,0
DA:77,0
DA:78,0
DA:79,0
DA:91,0
DA:92,0
DA:94,0
DA:96,0
DA:97,0
DA:99,0
DA:102,0
DA:104,0
DA:107,0
DA:108,0
DA:109,0
DA:112,0
DA:113,0
DA:116,0
DA:130,0
DA:131,0
DA:132,0
DA:150,0
DA:152,0
DA:153,0
DA:154,0
DA:155,0
DA:157,0
DA:158,0
DA:159,0
DA:160,0
DA:161,0
DA:163,0
DA:164,0
DA:165,0
DA:168,0
DA:169,0
DA:170,0
DA:172,0
DA:173,0
DA:183,0
DA:184,0
DA:185,0
DA:191,0
DA:195,0
DA:197,0
DA:198,0
DA:202,0
DA:203,0
DA:204,0
DA:229,0
DA:230,0
DA:231,0
DA:232,0
LF:70
LH:0
BRDA:16,0,0,0
BRDA:16,0,1,0
BRDA:16,1,0,0
BRDA:16,1,1,0
BRDA:78,2,0,0
BRDA:78,2,1,0
BRDA:91,3,0,0
BRDA:91,3,1,0
BRDA:91,4,0,0
BRDA:91,4,1,0
BRDA:91,4,2,0
BRDA:96,5,0,0
BRDA:96,5,1,0
BRDA:109,6,0,0
BRDA:109,6,1,0
BRDA:131,7,0,0
BRDA:131,7,1,0
BRDA:152,8,0,0
BRDA:152,8,1,0
BRDA:158,9,0,0
BRDA:158,9,1,0
BRDA:168,10,0,0
BRDA:168,10,1,0
BRDA:184,11,0,0
BRDA:184,11,1,0
BRDA:229,12,0,0
BRDA:229,12,1,0
BRDA:230,13,0,0
BRDA:230,13,1,0
BRDA:231,14,0,0
BRDA:231,14,1,0
BRDA:231,15,0,0
BRDA:231,15,1,0
BRF:33
BRH:0
end_of_record
TN:
SF:D:\projects\slackWidget\slackChatWidget\src\components\chatHeader.vue
FN:1,(anonymous_0)
FN:15,data
FN:32,loadLogo
FN:35,(anonymous_3)
FN:39,(anonymous_4)
FN:57,render
FN:58,render
FNF:7
FNH:0
FNDA:0,(anonymous_0)
FNDA:0,data
FNDA:0,loadLogo
FNDA:0,(anonymous_3)
FNDA:0,(anonymous_4)
FNDA:0,render
FNDA:0,render
DA:1,0
DA:4,0
DA:8,0
DA:11,0
DA:16,0
DA:33,0
DA:35,0
DA:36,0
DA:39,0
DA:40,0
DA:55,0
DA:56,0
DA:57,0
DA:58,0
LF:14
LH:0
BRDA:55,0,0,0
BRDA:55,0,1,0
BRDA:56,1,0,0
BRDA:56,1,1,0
BRDA:57,2,0,0
BRDA:57,2,1,0
BRDA:58,3,0,0
BRDA:58,3,1,0
BRF:8
BRH:0
end_of_record
TN:
SF:D:\projects\slackWidget\slackChatWidget\src\components\chatInput.vue
FN:1,(anonymous_0)
FN:44,data
FN:66,clearedMessage
FN:75,clearedUsername
FN:88,getUsername
FN:96,setUsername
FN:113,getMessage
FN:122,setMessage
FN:130,clearFields
FN:141,sendAjaxMessage
FN:142,(anonymous_10)
FN:144,(anonymous_11)
FN:154,onInput
FN:162,onSubmit
FN:190,mounted
FN:199,updated
FN:206,render
FN:206,(anonymous_17)
FN:206,(anonymous_18)
FN:206,(anonymous_19)
FNF:20
FNH:0
FNDA:0,(anonymous_0)
FNDA:0,data
FNDA:0,clearedMessage
FNDA:0,clearedUsername
FNDA:0,getUsername
FNDA:0,setUsername
FNDA:0,getMessage
FNDA:0,setMessage
FNDA:0,clearFields
FNDA:0,sendAjaxMessage
FNDA:0,(anonymous_10)
FNDA:0,(anonymous_11)
FNDA:0,onInput
FNDA:0,onSubmit
FNDA:0,mounted
FNDA:0,updated
FNDA:0,render
FNDA:0,(anonymous_17)
FNDA:0,(anonymous_18)
FNDA:0,(anonymous_19)
DA:1,0
DA:4,0
DA:8,0
DA:10,0
DA:40,0
DA:45,0
DA:67,0
DA:76,0
DA:89,0
DA:97,0
DA:98,0
DA:99,0
DA:100,0
DA:101,0
DA:103,0
DA:114,0
DA:123,0
DA:131,0
DA:132,0
DA:142,0
DA:143,0
DA:145,0
DA:155,0
DA:164,0
DA:165,0
DA:167,0
DA:169,0
DA:171,0
DA:172,0
DA:175,0
DA:177,0
DA:180,0
DA:182,0
DA:185,0
DA:192,0
DA:193,0
DA:196,0
DA:200,0
DA:204,0
DA:205,0
DA:206,0
DA:207,0
LF:42
LH:0
BRDA:97,0,0,0
BRDA:97,0,1,0
BRDA:98,1,0,0
BRDA:98,1,1,0
BRDA:167,2,0,0
BRDA:167,2,1,0
BRDA:169,3,0,0
BRDA:169,3,1,0
BRDA:204,4,0,0
BRDA:204,4,1,0
BRDA:205,5,0,0
BRDA:205,5,1,0
BRDA:206,6,0,0
BRDA:206,6,1,0
BRDA:206,7,0,0
BRDA:206,7,1,0
BRDA:206,8,0,0
BRDA:206,8,1,0
BRDA:206,9,0,0
BRDA:206,9,1,0
BRF:20
BRH:0
end_of_record
TN:
SF:D:\projects\slackWidget\slackChatWidget\src\components\chatOffline.vue
FN:1,(anonymous_0)
FN:48,data
FN:73,clearedMessage
FN:82,clearedEmail
FN:91,resultMessage
FN:107,getEmail
FN:115,setEmail
FN:125,getMessage
FN:134,setMessage
FN:142,clearFields
FN:153,sendAjaxMessage
FN:155,(anonymous_11)
FN:157,(anonymous_12)
FN:167,onInput
FN:175,onSubmit
FN:202,mounted
FN:211,updated
FN:218,render
FN:218,(anonymous_18)
FN:218,(anonymous_19)
FN:218,(anonymous_20)
FNF:21
FNH:0
FNDA:0,(anonymous_0)
FNDA:0,data
FNDA:0,clearedMessage
FNDA:0,clearedEmail
FNDA:0,resultMessage
FNDA:0,getEmail
FNDA:0,setEmail
FNDA:0,getMessage
FNDA:0,setMessage
FNDA:0,clearFields
FNDA:0,sendAjaxMessage
FNDA:0,(anonymous_11)
FNDA:0,(anonymous_12)
FNDA:0,onInput
FNDA:0,onSubmit
FNDA:0,mounted
FNDA:0,updated
FNDA:0,render
FNDA:0,(anonymous_18)
FNDA:0,(anonymous_19)
FNDA:0,(anonymous_20)
DA:1,0
DA:4,0
DA:8,0
DA:10,0
DA:44,0
DA:49,0
DA:74,0
DA:83,0
DA:92,0
DA:93,0
DA:95,0
DA:108,0
DA:116,0
DA:117,0
DA:126,0
DA:135,0
DA:143,0
DA:144,0
DA:154,0
DA:155,0
DA:156,0
DA:158,0
DA:168,0
DA:177,0
DA:179,0
DA:180,0
DA:182,0
DA:183,0
DA:186,0
DA:188,0
DA:189,0
DA:190,0
DA:192,0
DA:195,0
DA:197,0
DA:204,0
DA:205,0
DA:208,0
DA:212,0
DA:216,0
DA:217,0
DA:218,0
DA:219,0
LF:43
LH:0
BRDA:92,0,0,0
BRDA:92,0,1,0
BRDA:179,1,0,0
BRDA:179,1,1,0
BRDA:180,2,0,0
BRDA:180,2,1,0
BRDA:216,3,0,0
BRDA:216,3,1,0
BRDA:217,4,0,0
BRDA:217,4,1,0
BRDA:218,5,0,0
BRDA:218,5,1,0
BRDA:218,6,0,0
BRDA:218,6,1,0
BRDA:218,7,0,0
BRDA:218,7,1,0
BRDA:218,8,0,0
BRDA:218,8,1,0
BRF:18
BRH:0
end_of_record
TN:
SF:D:\projects\slackWidget\slackChatWidget\src\components\chatWindow.vue
FN:1,(anonymous_0)
FN:26,_interopRequireDefault
FN:40,data
FN:66,createSocket
FN:69,(anonymous_4)
FN:76,(anonymous_5)
FN:89,setToOnlineMode
FN:100,setToOfflineMode
FN:111,isSomeOnline
FN:115,(anonymous_9)
FN:122,isOnline
FN:124,(anonymous_11)
FN:131,(anonymous_12)
FN:145,(anonymous_13)
FN:155,closeChat
FN:160,mounted
FN:197,render
FNF:17
FNH:0
FNDA:0,(anonymous_0)
FNDA:0,_interopRequireDefault
FNDA:0,data
FNDA:0,createSocket
FNDA:0,(anonymous_4)
FNDA:0,(anonymous_5)
FNDA:0,setToOnlineMode
FNDA:0,setToOfflineMode
FNDA:0,isSomeOnline
FNDA:0,(anonymous_9)
FNDA:0,isOnline
FNDA:0,(anonymous_11)
FNDA:0,(anonymous_12)
FNDA:0,(anonymous_13)
FNDA:0,closeChat
FNDA:0,mounted
FNDA:0,render
DA:1,0
DA:4,0
DA:8,0
DA:10,0
DA:12,0
DA:14,0
DA:16,0
DA:18,0
DA:20,0
DA:22,0
DA:24,0
DA:26,0
DA:29,0
DA:41,0
DA:67,0
DA:69,0
DA:70,0
DA:71,0
DA:72,0
DA:74,0
DA:77,0
DA:78,0
DA:82,0
DA:90,0
DA:91,0
DA:92,0
DA:93,0
DA:101,0
DA:102,0
DA:103,0
DA:104,0
DA:113,0
DA:115,0
DA:116,0
DA:118,0
DA:119,0
DA:121,0
DA:122,0
DA:124,0
DA:125,0
DA:128,0
DA:131,0
DA:132,0
DA:135,0
DA:137,0
DA:138,0
DA:140,0
DA:143,0
DA:146,0
DA:147,0
DA:156,0
DA:161,0
DA:164,0
DA:173,0
DA:195,0
DA:196,0
DA:197,0
DA:198,0
LF:58
LH:0
BRDA:26,0,0,0
BRDA:26,0,1,0
BRDA:26,1,0,0
BRDA:26,1,1,0
BRDA:70,2,0,0
BRDA:70,2,1,0
BRDA:121,3,0,0
BRDA:121,3,1,0
BRDA:125,4,0,0
BRDA:125,4,1,0
BRDA:125,4,2,0
BRDA:137,5,0,0
BRDA:137,5,1,0
BRDA:195,6,0,0
BRDA:195,6,1,0
BRDA:196,7,0,0
BRDA:196,7,1,0
BRDA:197,8,0,0
BRDA:197,8,1,0
BRDA:197,9,0,0
BRDA:197,9,1,0
BRDA:197,10,0,0
BRDA:197,10,1,0
BRDA:197,11,0,0
BRDA:197,11,1,0
BRF:25
BRH:0
end_of_record
TN:
SF:D:\projects\slackWidget\slackChatWidget\src\helpers\settingsManager.js
FN:3,(anonymous_0)
FN:45,getProperty
FNF:2
FNH:0
FNDA:0,(anonymous_0)
FNDA:0,getProperty
DA:1,0
DA:3,0
DA:5,0
DA:38,0
DA:46,0
DA:47,0
DA:48,0
DA:50,0
LF:8
LH:0
BRDA:46,0,0,0
BRDA:46,0,1,0
BRDA:47,1,0,0
BRDA:47,1,1,0
BRF:4
BRH:0
end_of_record
TN:
SF:D:\projects\slackWidget\slackChatWidget\src\helpers\utils.js
FN:3,(anonymous_0)
FN:12,(anonymous_1)
FNF:2
FNH:2
FNDA:1,(anonymous_0)
FNDA:1,(anonymous_1)
DA:3,1
DA:13,1
DA:14,1
DA:15,1
DA:16,1
DA:17,1
DA:19,1
LF:7
LH:7
BRF:0
BRH:0
end_of_record
